<?xml version="1.0" encoding="UTF-8"?>
<testng-results skipped="0" failed="1" total="32" passed="31">
  <reporter-output>
    <line>
      <![CDATA[Back<p>]]>
    </line>
    <line>
      <![CDATA[Log in<p>]]>
    </line>
    <line>
      <![CDATA[Showcase<p>]]>
    </line>
    <line>
      <![CDATA[Create access<p>]]>
    </line>
    <line>
      <![CDATA[<p>]]>
    </line>
    <line>
      <![CDATA[? 2014 Viessmann Werke GmbH & Co. KG]]>
    </line>
    <line>
      <![CDATA[Value: Help<p>Name: Help<p>]]>
    </line>
    <line>
      <![CDATA[Value: 2<p>Name: Log in<p>]]>
    </line>
    <line>
      <![CDATA[Value: <p>Name: Log in with the Vitodata user account email and password access details.<p>]]>
    </line>
    <line>
      <![CDATA[Value: <p>Name: Note:<p>]]>
    </line>
    <line>
      <![CDATA[Value: <p>Name: When the user account is first registered, login is only possible once the account has been activated. For this, use the activation link sent to you by email.<p>]]>
    </line>
    <line>
      <![CDATA[Value: 2<p>Name: Showcase<p>]]>
    </line>
    <line>
      <![CDATA[Value: <p>Name: To start the App, press "Showcase". No data is exchanged with the Vitotronic.<p>]]>
    </line>
    <line>
      <![CDATA[Value: 2<p>Name: Create access<p>]]>
    </line>
    <line>
      <![CDATA[Value: <p>Name: Register a new Vitodata user account and assign a system to the Vitotrol App by means of the serial number.For this, the system and the Vitocom 100 LAN1 must be installed and operational.<p>]]>
    </line>
    <line>
      <![CDATA[Value: <p>Name: Note:<p>]]>
    </line>
    <line>
      <![CDATA[Value: <p>Name: If a Vitodata user account already exists, cancel with [Back] and use the [Register] function.<p>]]>
    </line>
    <line>
      <![CDATA[Value: <p>Name: In that case, the system assigned to the Vitotrol App must be set up via Vitodata.<p>]]>
    </line>
    <line>
      <![CDATA[Value: ?Update<p>Name: ?Update<p>]]>
    </line>
    <line>
      <![CDATA[Name for 1 installation: Vitodens 300-W<p>]]>
    </line>
    <line>
      <![CDATA[Name for 2 installation: Vitocal 200-A]]>
    </line>
    <line>
      <![CDATA[Standby mode <p>]]>
    </line>
    <line>
      <![CDATA[DHW only <p>]]>
    </line>
    <line>
      <![CDATA[Heating and DHW (Curently selected)<p>]]>
    </line>
    <line>
      <![CDATA[Constantly normal <p>]]>
    </line>
    <line>
      <![CDATA[Constantly reduced <p>]]>
    </line>
    <line>
      <![CDATA[Help<p>]]>
    </line>
    <line>
      <![CDATA[Navigation<p>]]>
    </line>
    <line>
      <![CDATA[Opens the Menu Screen.<p>]]>
    </line>
    <line>
      <![CDATA[Tap or swipe left/right to switch between heating circuits if there are several ones.<p>]]>
    </line>
    <line>
      <![CDATA[Heating program<p>]]>
    </line>
    <line>
      <![CDATA[Start or stop central heating or DHW heating.<p>]]>
    </line>
    <line>
      <![CDATA[Central heating, DHW heating and DHW circulation in accordance with the set time programs.<p>]]>
    </line>
    <line>
      <![CDATA[DHW heating and DHW circulation in accordance with the set time programs.<p>]]>
    </line>
    <line>
      <![CDATA[Heating and domestic hot water on reduced temperature for the current heating circuit. This mode overrides time programs.<p>]]>
    </line>
    <line>
      <![CDATA[Heating and domestic hot water on normal temperature for the current heating circuit. This mode overrides time programs.<p>]]>
    </line>
    <line>
      <![CDATA[No central heating and no DHW heating. Boiler and DHW system protected against frost.<p>]]>
    </line>
    <line>
      <![CDATA[Temporary energy saving economy mode.<p>]]>
    </line>
    <line>
      <![CDATA[Temporary heating with individually adjustable room temperature and DHW heating enabled.<p>]]>
    </line>
    <line>
      <![CDATA[The User can turn on economy mode if the operation mode is set to heating and there is no reduced time program currently available. There is no possibility to turn on the economy and party mode simultaneously. Detailed information concerning the behaviour of economy and party mode on heating devices supported by Vitotrol App can be found on the following Webpage: www.vitotrol-app.info.<p>]]>
    </line>
    <line>
      <![CDATA[Room temperature<p>]]>
    </line>
    <line>
      <![CDATA[Setting the required room temperature for the standard heating mode.<p>]]>
    </line>
    <line>
      <![CDATA[Data refresh<p>]]>
    </line>
    <line>
      <![CDATA[Trigger data refresh manually using the button.<p>]]>
    </line>
    <line>
      <![CDATA[When the application is refreshing data from heating system, the arrow will be animated. The arrow will return to its default state when the application successfully receives the current data.<p>]]>
    </line>
    <line>
      <![CDATA[Last Update<p>]]>
    </line>
    <line>
      <![CDATA[This timestamp shows when the last successful data refresh took place.<p>]]>
    </line>
    <line>
      <![CDATA[Status of connection to Vitodata<p>]]>
    </line>
    <line>
      <![CDATA[The colour of the Refresh button presents the status of the connection to Vitodata and the result of the most recent data refresh procedure.<p>]]>
    </line>
    <line>
      <![CDATA[Vitotrol mobile application is not connected to Vitodata.<p>]]>
    </line>
    <line>
      <![CDATA[Vitotrol mobile application is connected to Vitodata and the last data refresh finished successfully. The application was synchronized with the heating device.<p>]]>
    </line>
    <line>
      <![CDATA[Vitotrol mobile application is connected to Vitodata but the last data refresh failed. The application was not synchronized with the heating device.<p>]]>
    </line>
    <line>
      <![CDATA[?Update<p>]]>
    </line>
    <line>
      <![CDATA[Heating circuit 2]]>
    </line>
    <line>
      <![CDATA[21.0?]]>
    </line>
    <line>
      <![CDATA[21.0?]]>
    </line>
    <line>
      <![CDATA[Home <p>]]>
    </line>
    <line>
      <![CDATA[Information <p>]]>
    </line>
    <line>
      <![CDATA[Central heating <p>]]>
    </line>
    <line>
      <![CDATA[DHW <p>]]>
    </line>
    <line>
      <![CDATA[Solar energy <p>]]>
    </line>
    <line>
      <![CDATA[Settings <p>]]>
    </line>
    <line>
      <![CDATA[Standby mode <p>]]>
    </line>
    <line>
      <![CDATA[DHW only (Curently selected)<p>]]>
    </line>
    <line>
      <![CDATA[Heating and DHW <p>]]>
    </line>
    <line>
      <![CDATA[Constantly normal <p>]]>
    </line>
    <line>
      <![CDATA[Constantly reduced <p>]]>
    </line>
    <line>
      <![CDATA[Help<p>]]>
    </line>
    <line>
      <![CDATA[Navigation<p>]]>
    </line>
    <line>
      <![CDATA[Opens the Menu Screen.<p>]]>
    </line>
    <line>
      <![CDATA[Tap or swipe left/right to switch between heating circuits if there are several ones.<p>]]>
    </line>
    <line>
      <![CDATA[Heating program<p>]]>
    </line>
    <line>
      <![CDATA[Start or stop central heating or DHW heating.<p>]]>
    </line>
    <line>
      <![CDATA[Central heating, DHW heating and DHW circulation in accordance with the set time programs.<p>]]>
    </line>
    <line>
      <![CDATA[DHW heating and DHW circulation in accordance with the set time programs.<p>]]>
    </line>
    <line>
      <![CDATA[Heating and domestic hot water on reduced temperature for the current heating circuit. This mode overrides time programs.<p>]]>
    </line>
    <line>
      <![CDATA[Heating and domestic hot water on normal temperature for the current heating circuit. This mode overrides time programs.<p>]]>
    </line>
    <line>
      <![CDATA[No central heating and no DHW heating. Boiler and DHW system protected against frost.<p>]]>
    </line>
    <line>
      <![CDATA[Temporary energy saving economy mode.<p>]]>
    </line>
    <line>
      <![CDATA[Temporary heating with individually adjustable room temperature and DHW heating enabled.<p>]]>
    </line>
    <line>
      <![CDATA[The User can turn on economy mode if the operation mode is set to heating and there is no reduced time program currently available. There is no possibility to turn on the economy and party mode simultaneously. Detailed information concerning the behaviour of economy and party mode on heating devices supported by Vitotrol App can be found on the following Webpage: www.vitotrol-app.info.<p>]]>
    </line>
    <line>
      <![CDATA[Room temperature<p>]]>
    </line>
    <line>
      <![CDATA[Setting the required room temperature for the standard heating mode.<p>]]>
    </line>
    <line>
      <![CDATA[Data refresh<p>]]>
    </line>
    <line>
      <![CDATA[Trigger data refresh manually using the button.<p>]]>
    </line>
    <line>
      <![CDATA[When the application is refreshing data from heating system, the arrow will be animated. The arrow will return to its default state when the application successfully receives the current data.<p>]]>
    </line>
    <line>
      <![CDATA[Last Update<p>]]>
    </line>
    <line>
      <![CDATA[This timestamp shows when the last successful data refresh took place.<p>]]>
    </line>
    <line>
      <![CDATA[Status of connection to Vitodata<p>]]>
    </line>
    <line>
      <![CDATA[The colour of the Refresh button presents the status of the connection to Vitodata and the result of the most recent data refresh procedure.<p>]]>
    </line>
    <line>
      <![CDATA[Vitotrol mobile application is not connected to Vitodata.<p>]]>
    </line>
    <line>
      <![CDATA[Vitotrol mobile application is connected to Vitodata and the last data refresh finished successfully. The application was synchronized with the heating device.<p>]]>
    </line>
    <line>
      <![CDATA[Vitotrol mobile application is connected to Vitodata but the last data refresh failed. The application was not synchronized with the heating device.<p>]]>
    </line>
    <line>
      <![CDATA[?Update<p>]]>
    </line>
  </reporter-output>
  <suite name="Default suite" duration-ms="180122" started-at="2014-07-01T12:21:13Z" finished-at="2014-07-01T12:24:13Z">
    <groups>
    </groups>
    <test name="Default test" duration-ms="180122" started-at="2014-07-01T12:21:13Z" finished-at="2014-07-01T12:24:13Z">
      <class name="test.java.com.viessmann.vitotrol.appiumtest.MainTest">
        <test-method status="PASS" signature="setUp()[pri:0, instance:test.java.com.viessmann.vitotrol.appiumtest.MainTest@12a484c7]" name="setUp" is-config="true" duration-ms="19863" started-at="2014-07-01T14:20:53Z" finished-at="2014-07-01T14:21:13Z">
          <reporter-output>
          </reporter-output>
        </test-method> <!-- setUp -->
        <test-method status="PASS" signature="logInBUtton()[pri:0, instance:test.java.com.viessmann.vitotrol.appiumtest.MainTest@12a484c7]" name="logInBUtton" duration-ms="1253" started-at="2014-07-01T14:21:13Z" finished-at="2014-07-01T14:21:14Z">
          <reporter-output>
            <line>
              <![CDATA[Back<p>]]>
            </line>
            <line>
              <![CDATA[Log in<p>]]>
            </line>
            <line>
              <![CDATA[Showcase<p>]]>
            </line>
            <line>
              <![CDATA[Create access<p>]]>
            </line>
            <line>
              <![CDATA[<p>]]>
            </line>
          </reporter-output>
        </test-method> <!-- logInBUtton -->
        <test-method status="PASS" signature="splashHelpPresentCheck()[pri:0, instance:test.java.com.viessmann.vitotrol.appiumtest.MainTest@12a484c7]" name="splashHelpPresentCheck" duration-ms="1549" started-at="2014-07-01T14:21:14Z" finished-at="2014-07-01T14:21:16Z">
          <reporter-output>
          </reporter-output>
        </test-method> <!-- splashHelpPresentCheck -->
        <test-method status="PASS" signature="CopyrightText()[pri:0, instance:test.java.com.viessmann.vitotrol.appiumtest.MainTest@12a484c7]" name="CopyrightText" duration-ms="2754" started-at="2014-07-01T14:21:16Z" finished-at="2014-07-01T14:21:19Z">
          <reporter-output>
            <line>
              <![CDATA[? 2014 Viessmann Werke GmbH & Co. KG]]>
            </line>
          </reporter-output>
        </test-method> <!-- CopyrightText -->
        <test-method status="PASS" signature="splashButtonHelpActionCheck()[pri:0, instance:test.java.com.viessmann.vitotrol.appiumtest.MainTest@12a484c7]" name="splashButtonHelpActionCheck" duration-ms="3074" started-at="2014-07-01T14:21:19Z" finished-at="2014-07-01T14:21:22Z">
          <reporter-output>
          </reporter-output>
        </test-method> <!-- splashButtonHelpActionCheck -->
        <test-method status="PASS" signature="splashButtonHelpContentCheck()[pri:0, instance:test.java.com.viessmann.vitotrol.appiumtest.MainTest@12a484c7]" name="splashButtonHelpContentCheck" duration-ms="6145" started-at="2014-07-01T14:21:22Z" finished-at="2014-07-01T14:21:28Z">
          <reporter-output>
            <line>
              <![CDATA[Value: Help<p>Name: Help<p>]]>
            </line>
            <line>
              <![CDATA[Value: 2<p>Name: Log in<p>]]>
            </line>
            <line>
              <![CDATA[Value: <p>Name: Log in with the Vitodata user account email and password access details.<p>]]>
            </line>
            <line>
              <![CDATA[Value: <p>Name: Note:<p>]]>
            </line>
            <line>
              <![CDATA[Value: <p>Name: When the user account is first registered, login is only possible once the account has been activated. For this, use the activation link sent to you by email.<p>]]>
            </line>
            <line>
              <![CDATA[Value: 2<p>Name: Showcase<p>]]>
            </line>
            <line>
              <![CDATA[Value: <p>Name: To start the App, press "Showcase". No data is exchanged with the Vitotronic.<p>]]>
            </line>
            <line>
              <![CDATA[Value: 2<p>Name: Create access<p>]]>
            </line>
            <line>
              <![CDATA[Value: <p>Name: Register a new Vitodata user account and assign a system to the Vitotrol App by means of the serial number.For this, the system and the Vitocom 100 LAN1 must be installed and operational.<p>]]>
            </line>
            <line>
              <![CDATA[Value: <p>Name: Note:<p>]]>
            </line>
            <line>
              <![CDATA[Value: <p>Name: If a Vitodata user account already exists, cancel with [Back] and use the [Register] function.<p>]]>
            </line>
            <line>
              <![CDATA[Value: <p>Name: In that case, the system assigned to the Vitotrol App must be set up via Vitodata.<p>]]>
            </line>
            <line>
              <![CDATA[Value: ?Update<p>Name: ?Update<p>]]>
            </line>
          </reporter-output>
        </test-method> <!-- splashButtonHelpContentCheck -->
        <test-method status="PASS" signature="splashShowcaseButtonCheck()[pri:0, instance:test.java.com.viessmann.vitotrol.appiumtest.MainTest@12a484c7]" name="splashShowcaseButtonCheck" duration-ms="989" started-at="2014-07-01T14:21:28Z" finished-at="2014-07-01T14:21:29Z">
          <reporter-output>
          </reporter-output>
        </test-method> <!-- splashShowcaseButtonCheck -->
        <test-method status="PASS" signature="LogIn()[pri:0, instance:test.java.com.viessmann.vitotrol.appiumtest.MainTest@12a484c7]" name="LogIn" duration-ms="1067" started-at="2014-07-01T14:21:29Z" finished-at="2014-07-01T14:21:30Z">
          <reporter-output>
          </reporter-output>
        </test-method> <!-- LogIn -->
        <test-method status="PASS" signature="LogInMultipleBack()[pri:0, instance:test.java.com.viessmann.vitotrol.appiumtest.MainTest@12a484c7]" name="LogInMultipleBack" duration-ms="52618" started-at="2014-07-01T14:21:30Z" finished-at="2014-07-01T14:22:23Z">
          <reporter-output>
          </reporter-output>
        </test-method> <!-- LogInMultipleBack -->
        <test-method status="FAIL" signature="LogInInstallationList()[pri:0, instance:test.java.com.viessmann.vitotrol.appiumtest.MainTest@12a484c7]" name="LogInInstallationList" duration-ms="296" started-at="2014-07-01T14:22:23Z" finished-at="2014-07-01T14:22:23Z">
          <exception class="org.openqa.selenium.WebDriverException">
            <message>
              <![CDATA[An unknown server-side error occurred while processing the command. (WARNING: The server did not provide any stacktrace information)
Command duration or timeout: 293 milliseconds
Build info: version: '2.35.0', revision: '8df0c6b', time: '2013-08-12 15:43:19'
System info: os.name: 'Mac OS X', os.arch: 'x86_64', os.version: '10.9.3', java.version: '1.7.0_40'
Session ID: c7ce7b0e-74e5-4cbb-aa2e-1ef877c16ac4
Driver info: test.java.com.viessmann.vitotrol.appiumtest.SetUp$SwipeableWebDriver
Capabilities [{platform=MAC, javascriptEnabled=true, browserName=iOS, desired={platformVersion=7.1, platformName=iOS, device=iphone, language=en}, locationContextEnabled=false, platformVersion=7.1, databaseEnabled=false, platformName=iOS, webStorageEnabled=false, device=iphone, language=en, warnings={}, takesScreenshot=true}]]]>
            </message>
            <full-stacktrace>
              <![CDATA[org.openqa.selenium.WebDriverException: An unknown server-side error occurred while processing the command. (WARNING: The server did not provide any stacktrace information)
Command duration or timeout: 293 milliseconds
Build info: version: '2.35.0', revision: '8df0c6b', time: '2013-08-12 15:43:19'
System info: os.name: 'Mac OS X', os.arch: 'x86_64', os.version: '10.9.3', java.version: '1.7.0_40'
Session ID: c7ce7b0e-74e5-4cbb-aa2e-1ef877c16ac4
Driver info: test.java.com.viessmann.vitotrol.appiumtest.SetUp$SwipeableWebDriver
Capabilities [{platform=MAC, javascriptEnabled=true, browserName=iOS, desired={platformVersion=7.1, platformName=iOS, device=iphone, language=en}, locationContextEnabled=false, platformVersion=7.1, databaseEnabled=false, platformName=iOS, webStorageEnabled=false, device=iphone, language=en, warnings={}, takesScreenshot=true}]
	at sun.reflect.NativeConstructorAccessorImpl.newInstance0(Native Method)
	at sun.reflect.NativeConstructorAccessorImpl.newInstance(NativeConstructorAccessorImpl.java:57)
	at sun.reflect.DelegatingConstructorAccessorImpl.newInstance(DelegatingConstructorAccessorImpl.java:45)
	at java.lang.reflect.Constructor.newInstance(Constructor.java:526)
	at org.openqa.selenium.remote.ErrorHandler.createThrowable(ErrorHandler.java:191)
	at org.openqa.selenium.remote.ErrorHandler.throwIfResponseFailed(ErrorHandler.java:145)
	at org.openqa.selenium.remote.RemoteWebDriver.execute(RemoteWebDriver.java:554)
	at org.openqa.selenium.remote.RemoteWebElement.execute(RemoteWebElement.java:268)
	at org.openqa.selenium.remote.RemoteWebElement.click(RemoteWebElement.java:79)
	at test.java.com.viessmann.vitotrol.appiumtest.MainTest.LogInInstallationList(MainTest.java:137)
	at sun.reflect.NativeMethodAccessorImpl.invoke0(Native Method)
	at sun.reflect.NativeMethodAccessorImpl.invoke(NativeMethodAccessorImpl.java:57)
	at sun.reflect.DelegatingMethodAccessorImpl.invoke(DelegatingMethodAccessorImpl.java:43)
	at java.lang.reflect.Method.invoke(Method.java:606)
	at org.testng.internal.MethodInvocationHelper.invokeMethod(MethodInvocationHelper.java:84)
	at org.testng.internal.Invoker.invokeMethod(Invoker.java:714)
	at org.testng.internal.Invoker.invokeTestMethod(Invoker.java:901)
	at org.testng.internal.Invoker.invokeTestMethods(Invoker.java:1231)
	at org.testng.internal.TestMethodWorker.invokeTestMethods(TestMethodWorker.java:127)
	at org.testng.internal.TestMethodWorker.run(TestMethodWorker.java:111)
	at org.testng.TestRunner.privateRun(TestRunner.java:767)
	at org.testng.TestRunner.run(TestRunner.java:617)
	at org.testng.SuiteRunner.runTest(SuiteRunner.java:334)
	at org.testng.SuiteRunner.runSequentially(SuiteRunner.java:329)
	at org.testng.SuiteRunner.privateRun(SuiteRunner.java:291)
	at org.testng.SuiteRunner.run(SuiteRunner.java:240)
	at org.testng.SuiteRunnerWorker.runSuite(SuiteRunnerWorker.java:52)
	at org.testng.SuiteRunnerWorker.run(SuiteRunnerWorker.java:86)
	at org.testng.TestNG.runSuitesSequentially(TestNG.java:1224)
	at org.testng.TestNG.runSuitesLocally(TestNG.java:1149)
	at org.testng.TestNG.run(TestNG.java:1057)
	at org.testng.remote.RemoteTestNG.run(RemoteTestNG.java:111)
	at org.testng.remote.RemoteTestNG.initAndRun(RemoteTestNG.java:204)
	at org.testng.remote.RemoteTestNG.main(RemoteTestNG.java:175)
]]>
            </full-stacktrace>
          </exception> <!-- org.openqa.selenium.WebDriverException -->
          <reporter-output>
          </reporter-output>
        </test-method> <!-- LogInInstallationList -->
        <test-method status="PASS" signature="InstallationListMultipleBack()[pri:0, instance:test.java.com.viessmann.vitotrol.appiumtest.MainTest@12a484c7]" name="InstallationListMultipleBack" duration-ms="2611" started-at="2014-07-01T14:22:23Z" finished-at="2014-07-01T14:22:26Z">
          <reporter-output>
          </reporter-output>
        </test-method> <!-- InstallationListMultipleBack -->
        <test-method status="PASS" signature="IntallationListLabels()[pri:0, instance:test.java.com.viessmann.vitotrol.appiumtest.MainTest@12a484c7]" name="IntallationListLabels" duration-ms="3102" started-at="2014-07-01T14:22:26Z" finished-at="2014-07-01T14:22:29Z">
          <reporter-output>
            <line>
              <![CDATA[Name for 1 installation: Vitodens 300-W<p>]]>
            </line>
            <line>
              <![CDATA[Name for 2 installation: Vitocal 200-A]]>
            </line>
          </reporter-output>
        </test-method> <!-- IntallationListLabels -->
        <test-method status="PASS" signature="LoginToIntallation()[pri:0, instance:test.java.com.viessmann.vitotrol.appiumtest.MainTest@12a484c7]" name="LoginToIntallation" duration-ms="3149" started-at="2014-07-01T14:22:29Z" finished-at="2014-07-01T14:22:32Z">
          <reporter-output>
          </reporter-output>
        </test-method> <!-- LoginToIntallation -->
        <test-method status="PASS" signature="HomeHC1Name()[pri:0, instance:test.java.com.viessmann.vitotrol.appiumtest.MainTest@12a484c7]" name="HomeHC1Name" duration-ms="808" started-at="2014-07-01T14:22:32Z" finished-at="2014-07-01T14:22:33Z">
          <reporter-output>
          </reporter-output>
        </test-method> <!-- HomeHC1Name -->
        <test-method status="PASS" signature="HomeMenuBtn()[pri:0, instance:test.java.com.viessmann.vitotrol.appiumtest.MainTest@12a484c7]" name="HomeMenuBtn" duration-ms="620" started-at="2014-07-01T14:22:33Z" finished-at="2014-07-01T14:22:33Z">
          <reporter-output>
          </reporter-output>
        </test-method> <!-- HomeMenuBtn -->
        <test-method status="PASS" signature="HomeRefreshBtn()[pri:0, instance:test.java.com.viessmann.vitotrol.appiumtest.MainTest@12a484c7]" name="HomeRefreshBtn" duration-ms="10813" started-at="2014-07-01T14:22:33Z" finished-at="2014-07-01T14:22:44Z">
          <reporter-output>
          </reporter-output>
        </test-method> <!-- HomeRefreshBtn -->
        <test-method status="PASS" signature="HomeArrowRightBtn()[pri:0, instance:test.java.com.viessmann.vitotrol.appiumtest.MainTest@12a484c7]" name="HomeArrowRightBtn" duration-ms="625" started-at="2014-07-01T14:22:44Z" finished-at="2014-07-01T14:22:45Z">
          <reporter-output>
          </reporter-output>
        </test-method> <!-- HomeArrowRightBtn -->
        <test-method status="PASS" signature="HomeOperationModeBtn()[pri:0, instance:test.java.com.viessmann.vitotrol.appiumtest.MainTest@12a484c7]" name="HomeOperationModeBtn" duration-ms="598" started-at="2014-07-01T14:22:45Z" finished-at="2014-07-01T14:22:45Z">
          <reporter-output>
          </reporter-output>
        </test-method> <!-- HomeOperationModeBtn -->
        <test-method status="PASS" signature="HomeOperationModeBtnAction1stHC()[pri:0, instance:test.java.com.viessmann.vitotrol.appiumtest.MainTest@12a484c7]" name="HomeOperationModeBtnAction1stHC" duration-ms="3406" started-at="2014-07-01T14:22:45Z" finished-at="2014-07-01T14:22:49Z">
          <reporter-output>
            <line>
              <![CDATA[Standby mode <p>]]>
            </line>
            <line>
              <![CDATA[DHW only <p>]]>
            </line>
            <line>
              <![CDATA[Heating and DHW (Curently selected)<p>]]>
            </line>
            <line>
              <![CDATA[Constantly normal <p>]]>
            </line>
            <line>
              <![CDATA[Constantly reduced <p>]]>
            </line>
          </reporter-output>
        </test-method> <!-- HomeOperationModeBtnAction1stHC -->
        <test-method status="PASS" signature="HomeRoomTempPlusBtn()[pri:0, instance:test.java.com.viessmann.vitotrol.appiumtest.MainTest@12a484c7]" name="HomeRoomTempPlusBtn" duration-ms="646" started-at="2014-07-01T14:22:49Z" finished-at="2014-07-01T14:22:49Z">
          <reporter-output>
          </reporter-output>
        </test-method> <!-- HomeRoomTempPlusBtn -->
        <test-method status="PASS" signature="HomeRoomTempMinusBtn()[pri:0, instance:test.java.com.viessmann.vitotrol.appiumtest.MainTest@12a484c7]" name="HomeRoomTempMinusBtn" duration-ms="589" started-at="2014-07-01T14:22:49Z" finished-at="2014-07-01T14:22:50Z">
          <reporter-output>
          </reporter-output>
        </test-method> <!-- HomeRoomTempMinusBtn -->
        <test-method status="PASS" signature="HomeHelpBtn()[pri:0, instance:test.java.com.viessmann.vitotrol.appiumtest.MainTest@12a484c7]" name="HomeHelpBtn" duration-ms="610" started-at="2014-07-01T14:22:50Z" finished-at="2014-07-01T14:22:51Z">
          <reporter-output>
          </reporter-output>
        </test-method> <!-- HomeHelpBtn -->
        <test-method status="PASS" signature="HomeMenuBtnMultipleClick()[pri:0, instance:test.java.com.viessmann.vitotrol.appiumtest.MainTest@12a484c7]" name="HomeMenuBtnMultipleClick" duration-ms="20701" started-at="2014-07-01T14:22:51Z" finished-at="2014-07-01T14:23:11Z">
          <reporter-output>
          </reporter-output>
        </test-method> <!-- HomeMenuBtnMultipleClick -->
        <test-method status="PASS" signature="HomeHelpCheck()[pri:0, instance:test.java.com.viessmann.vitotrol.appiumtest.MainTest@12a484c7]" name="HomeHelpCheck" duration-ms="10081" started-at="2014-07-01T14:23:11Z" finished-at="2014-07-01T14:23:21Z">
          <reporter-output>
            <line>
              <![CDATA[Help<p>]]>
            </line>
            <line>
              <![CDATA[Navigation<p>]]>
            </line>
            <line>
              <![CDATA[Opens the Menu Screen.<p>]]>
            </line>
            <line>
              <![CDATA[Tap or swipe left/right to switch between heating circuits if there are several ones.<p>]]>
            </line>
            <line>
              <![CDATA[Heating program<p>]]>
            </line>
            <line>
              <![CDATA[Start or stop central heating or DHW heating.<p>]]>
            </line>
            <line>
              <![CDATA[Central heating, DHW heating and DHW circulation in accordance with the set time programs.<p>]]>
            </line>
            <line>
              <![CDATA[DHW heating and DHW circulation in accordance with the set time programs.<p>]]>
            </line>
            <line>
              <![CDATA[Heating and domestic hot water on reduced temperature for the current heating circuit. This mode overrides time programs.<p>]]>
            </line>
            <line>
              <![CDATA[Heating and domestic hot water on normal temperature for the current heating circuit. This mode overrides time programs.<p>]]>
            </line>
            <line>
              <![CDATA[No central heating and no DHW heating. Boiler and DHW system protected against frost.<p>]]>
            </line>
            <line>
              <![CDATA[Temporary energy saving economy mode.<p>]]>
            </line>
            <line>
              <![CDATA[Temporary heating with individually adjustable room temperature and DHW heating enabled.<p>]]>
            </line>
            <line>
              <![CDATA[The User can turn on economy mode if the operation mode is set to heating and there is no reduced time program currently available. There is no possibility to turn on the economy and party mode simultaneously. Detailed information concerning the behaviour of economy and party mode on heating devices supported by Vitotrol App can be found on the following Webpage: www.vitotrol-app.info.<p>]]>
            </line>
            <line>
              <![CDATA[Room temperature<p>]]>
            </line>
            <line>
              <![CDATA[Setting the required room temperature for the standard heating mode.<p>]]>
            </line>
            <line>
              <![CDATA[Data refresh<p>]]>
            </line>
            <line>
              <![CDATA[Trigger data refresh manually using the button.<p>]]>
            </line>
            <line>
              <![CDATA[When the application is refreshing data from heating system, the arrow will be animated. The arrow will return to its default state when the application successfully receives the current data.<p>]]>
            </line>
            <line>
              <![CDATA[Last Update<p>]]>
            </line>
            <line>
              <![CDATA[This timestamp shows when the last successful data refresh took place.<p>]]>
            </line>
            <line>
              <![CDATA[Status of connection to Vitodata<p>]]>
            </line>
            <line>
              <![CDATA[The colour of the Refresh button presents the status of the connection to Vitodata and the result of the most recent data refresh procedure.<p>]]>
            </line>
            <line>
              <![CDATA[Vitotrol mobile application is not connected to Vitodata.<p>]]>
            </line>
            <line>
              <![CDATA[Vitotrol mobile application is connected to Vitodata and the last data refresh finished successfully. The application was synchronized with the heating device.<p>]]>
            </line>
            <line>
              <![CDATA[Vitotrol mobile application is connected to Vitodata but the last data refresh failed. The application was not synchronized with the heating device.<p>]]>
            </line>
            <line>
              <![CDATA[?Update<p>]]>
            </line>
          </reporter-output>
        </test-method> <!-- HomeHelpCheck -->
        <test-method status="PASS" signature="HomeRoomTempPlusBtnClick1stHC()[pri:0, instance:test.java.com.viessmann.vitotrol.appiumtest.MainTest@12a484c7]" name="HomeRoomTempPlusBtnClick1stHC" duration-ms="7704" started-at="2014-07-01T14:23:21Z" finished-at="2014-07-01T14:23:29Z">
          <reporter-output>
          </reporter-output>
        </test-method> <!-- HomeRoomTempPlusBtnClick1stHC -->
        <test-method status="PASS" signature="HomeRoomTempMiusBtnClick1stHC()[pri:0, instance:test.java.com.viessmann.vitotrol.appiumtest.MainTest@12a484c7]" name="HomeRoomTempMiusBtnClick1stHC" duration-ms="6290" started-at="2014-07-01T14:23:29Z" finished-at="2014-07-01T14:23:35Z">
          <reporter-output>
          </reporter-output>
        </test-method> <!-- HomeRoomTempMiusBtnClick1stHC -->
        <test-method status="PASS" signature="HomeHCArrowSwitch()[pri:0, instance:test.java.com.viessmann.vitotrol.appiumtest.MainTest@12a484c7]" name="HomeHCArrowSwitch" duration-ms="2456" started-at="2014-07-01T14:23:35Z" finished-at="2014-07-01T14:23:38Z">
          <reporter-output>
            <line>
              <![CDATA[Heating circuit 2]]>
            </line>
          </reporter-output>
        </test-method> <!-- HomeHCArrowSwitch -->
        <test-method status="PASS" signature="HomeOperationModeBtn2ndHC()[pri:0, instance:test.java.com.viessmann.vitotrol.appiumtest.MainTest@12a484c7]" name="HomeOperationModeBtn2ndHC" duration-ms="626" started-at="2014-07-01T14:23:38Z" finished-at="2014-07-01T14:23:38Z">
          <reporter-output>
          </reporter-output>
        </test-method> <!-- HomeOperationModeBtn2ndHC -->
        <test-method status="PASS" signature="HomeArrowLeftBtn()[pri:0, instance:test.java.com.viessmann.vitotrol.appiumtest.MainTest@12a484c7]" name="HomeArrowLeftBtn" duration-ms="1620" started-at="2014-07-01T14:23:38Z" finished-at="2014-07-01T14:23:40Z">
          <reporter-output>
          </reporter-output>
        </test-method> <!-- HomeArrowLeftBtn -->
        <test-method status="PASS" signature="HomeRoomTempPlusBtnClick2ndHC()[pri:0, instance:test.java.com.viessmann.vitotrol.appiumtest.MainTest@12a484c7]" name="HomeRoomTempPlusBtnClick2ndHC" duration-ms="8626" started-at="2014-07-01T14:23:40Z" finished-at="2014-07-01T14:23:49Z">
          <reporter-output>
            <line>
              <![CDATA[21.0?]]>
            </line>
          </reporter-output>
        </test-method> <!-- HomeRoomTempPlusBtnClick2ndHC -->
        <test-method status="PASS" signature="HomeRoomTempMiusBtnClick2ndHC()[pri:0, instance:test.java.com.viessmann.vitotrol.appiumtest.MainTest@12a484c7]" name="HomeRoomTempMiusBtnClick2ndHC" duration-ms="7235" started-at="2014-07-01T14:23:49Z" finished-at="2014-07-01T14:23:56Z">
          <reporter-output>
            <line>
              <![CDATA[21.0?]]>
            </line>
          </reporter-output>
        </test-method> <!-- HomeRoomTempMiusBtnClick2ndHC -->
        <test-method status="PASS" signature="HomeOperationModeBtnAction2ndHC()[pri:0, instance:test.java.com.viessmann.vitotrol.appiumtest.MainTest@12a484c7]" name="HomeOperationModeBtnAction2ndHC" duration-ms="5709" started-at="2014-07-01T14:23:56Z" finished-at="2014-07-01T14:24:02Z">
          <reporter-output>
            <line>
              <![CDATA[Home <p>]]>
            </line>
            <line>
              <![CDATA[Information <p>]]>
            </line>
            <line>
              <![CDATA[Central heating <p>]]>
            </line>
            <line>
              <![CDATA[DHW <p>]]>
            </line>
            <line>
              <![CDATA[Solar energy <p>]]>
            </line>
            <line>
              <![CDATA[Settings <p>]]>
            </line>
            <line>
              <![CDATA[Standby mode <p>]]>
            </line>
            <line>
              <![CDATA[DHW only (Curently selected)<p>]]>
            </line>
            <line>
              <![CDATA[Heating and DHW <p>]]>
            </line>
            <line>
              <![CDATA[Constantly normal <p>]]>
            </line>
            <line>
              <![CDATA[Constantly reduced <p>]]>
            </line>
          </reporter-output>
        </test-method> <!-- HomeOperationModeBtnAction2ndHC -->
        <test-method status="PASS" signature="HomeHelpcheck2ndHC()[pri:0, instance:test.java.com.viessmann.vitotrol.appiumtest.MainTest@12a484c7]" name="HomeHelpcheck2ndHC" duration-ms="11665" started-at="2014-07-01T14:24:02Z" finished-at="2014-07-01T14:24:13Z">
          <reporter-output>
            <line>
              <![CDATA[Help<p>]]>
            </line>
            <line>
              <![CDATA[Navigation<p>]]>
            </line>
            <line>
              <![CDATA[Opens the Menu Screen.<p>]]>
            </line>
            <line>
              <![CDATA[Tap or swipe left/right to switch between heating circuits if there are several ones.<p>]]>
            </line>
            <line>
              <![CDATA[Heating program<p>]]>
            </line>
            <line>
              <![CDATA[Start or stop central heating or DHW heating.<p>]]>
            </line>
            <line>
              <![CDATA[Central heating, DHW heating and DHW circulation in accordance with the set time programs.<p>]]>
            </line>
            <line>
              <![CDATA[DHW heating and DHW circulation in accordance with the set time programs.<p>]]>
            </line>
            <line>
              <![CDATA[Heating and domestic hot water on reduced temperature for the current heating circuit. This mode overrides time programs.<p>]]>
            </line>
            <line>
              <![CDATA[Heating and domestic hot water on normal temperature for the current heating circuit. This mode overrides time programs.<p>]]>
            </line>
            <line>
              <![CDATA[No central heating and no DHW heating. Boiler and DHW system protected against frost.<p>]]>
            </line>
            <line>
              <![CDATA[Temporary energy saving economy mode.<p>]]>
            </line>
            <line>
              <![CDATA[Temporary heating with individually adjustable room temperature and DHW heating enabled.<p>]]>
            </line>
            <line>
              <![CDATA[The User can turn on economy mode if the operation mode is set to heating and there is no reduced time program currently available. There is no possibility to turn on the economy and party mode simultaneously. Detailed information concerning the behaviour of economy and party mode on heating devices supported by Vitotrol App can be found on the following Webpage: www.vitotrol-app.info.<p>]]>
            </line>
            <line>
              <![CDATA[Room temperature<p>]]>
            </line>
            <line>
              <![CDATA[Setting the required room temperature for the standard heating mode.<p>]]>
            </line>
            <line>
              <![CDATA[Data refresh<p>]]>
            </line>
            <line>
              <![CDATA[Trigger data refresh manually using the button.<p>]]>
            </line>
            <line>
              <![CDATA[When the application is refreshing data from heating system, the arrow will be animated. The arrow will return to its default state when the application successfully receives the current data.<p>]]>
            </line>
            <line>
              <![CDATA[Last Update<p>]]>
            </line>
            <line>
              <![CDATA[This timestamp shows when the last successful data refresh took place.<p>]]>
            </line>
            <line>
              <![CDATA[Status of connection to Vitodata<p>]]>
            </line>
            <line>
              <![CDATA[The colour of the Refresh button presents the status of the connection to Vitodata and the result of the most recent data refresh procedure.<p>]]>
            </line>
            <line>
              <![CDATA[Vitotrol mobile application is not connected to Vitodata.<p>]]>
            </line>
            <line>
              <![CDATA[Vitotrol mobile application is connected to Vitodata and the last data refresh finished successfully. The application was synchronized with the heating device.<p>]]>
            </line>
            <line>
              <![CDATA[Vitotrol mobile application is connected to Vitodata but the last data refresh failed. The application was not synchronized with the heating device.<p>]]>
            </line>
            <line>
              <![CDATA[?Update<p>]]>
            </line>
          </reporter-output>
        </test-method> <!-- HomeHelpcheck2ndHC -->
        <test-method status="PASS" signature="tearDown()[pri:0, instance:test.java.com.viessmann.vitotrol.appiumtest.MainTest@12a484c7]" name="tearDown" is-config="true" duration-ms="1374" started-at="2014-07-01T14:24:14Z" finished-at="2014-07-01T14:24:15Z">
          <reporter-output>
          </reporter-output>
        </test-method> <!-- tearDown -->
      </class> <!-- test.java.com.viessmann.vitotrol.appiumtest.MainTest -->
    </test> <!-- Default test -->
  </suite> <!-- Default suite -->
</testng-results>
